<?xml version="1.0" encoding="UTF-8"?>
<!-- Generated by org.testng.reporters.JUnitReportReporter -->
<testsuite hostname="PIX-PC60" name="com.pixere.desktop.automation.test.TestWiniumAutomation" tests="1" failures="0" timestamp="13 Apr 2018 13:22:32 GMT" time="9.594" errors="0">
  <testcase name="testWiniumAutomation" time="9.594" classname="com.pixere.desktop.automation.test.TestWiniumAutomation"/>
</testsuite> <!-- com.pixere.desktop.automation.test.TestWiniumAutomation -->
