<?xml version="1.0" encoding="UTF-8"?>
<!-- Generated by org.testng.reporters.JUnitReportReporter -->
<testsuite hostname="Vitals-Mgmt" name="com.pixere.desktop.automation.test.ImageConverterAuto" tests="1" failures="0" timestamp="25 Apr 2018 05:59:03 GMT" time="314.802" errors="0">
  <testcase name="testWiniumAutomation" time="314.802" classname="com.pixere.desktop.automation.test.ImageConverterAuto"/>
</testsuite> <!-- com.pixere.desktop.automation.test.ImageConverterAuto -->
